<?xml version="1.0" encoding="UTF-8"?>
<!-- Generated by org.testng.reporters.JUnitReportReporter -->
<testsuite skipped="0" hostname="DESKTOP-5VVJH30" name="com.class1.DifferentAnnotations" tests="1" failures="0" timestamp="2020-01-12T14:14:43 EST" time="0.003" errors="0">
  <testcase name="test" time="0.003" classname="com.class1.DifferentAnnotations"/>
</testsuite> <!-- com.class1.DifferentAnnotations -->
