<?xml version="1.0" encoding="UTF-8"?>
<!-- Generated by org.testng.reporters.JUnitReportReporter -->
<testsuite skipped="0" hostname="DESKTOP-5VVJH30" name="com.class2.AnnotationsTask" tests="2" failures="0" timestamp="2020-01-12T12:52:15 EST" time="12.368" errors="0">
  <testcase name="logoValidation" time="5.804" classname="com.class2.AnnotationsTask"/>
  <testcase name="titleValidation" time="6.564" classname="com.class2.AnnotationsTask"/>
</testsuite> <!-- com.class2.AnnotationsTask -->
