<?xml version="1.0" encoding="UTF-8"?>
<!-- Generated by org.testng.reporters.JUnitReportReporter -->
<testsuite skipped="0" hostname="DESKTOP-5VVJH30" name="com.class1.TestNGtask1" tests="3" failures="0" timestamp="2020-01-12T14:14:43 EST" time="0.007" errors="0">
  <testcase name="Miami" time="0.003" classname="com.class1.TestNGtask1"/>
  <testcase name="NewYork" time="0.002" classname="com.class1.TestNGtask1"/>
  <testcase name="LosAngeles" time="0.002" classname="com.class1.TestNGtask1"/>
</testsuite> <!-- com.class1.TestNGtask1 -->
