<?xml version="1.0" encoding="UTF-8"?>
<!-- Generated by org.testng.reporters.JUnitReportReporter -->
<testsuite skipped="0" hostname="DESKTOP-5VVJH30" name="com.class1.TestNGDemo" tests="3" failures="0" timestamp="2020-01-12T14:14:43 EST" time="0.010" errors="0">
  <testcase name="testTwo" time="0.002" classname="com.class1.TestNGDemo"/>
  <testcase name="testOne" time="0.006" classname="com.class1.TestNGDemo"/>
  <testcase name="testThree" time="0.002" classname="com.class1.TestNGDemo"/>
</testsuite> <!-- com.class1.TestNGDemo -->
