<?xml version="1.0" encoding="UTF-8"?>
<!-- Generated by org.testng.reporters.JUnitReportReporter -->
<testsuite skipped="0" hostname="DESKTOP-5VVJH30" name="com.class2.InternetTask" tests="1" failures="0" timestamp="2020-01-15T16:10:54 EST" time="6.779" errors="0">
  <testcase name="verifyWebLinks" time="6.779" classname="com.class2.InternetTask"/>
</testsuite> <!-- com.class2.InternetTask -->
