<?xml version="1.0" encoding="UTF-8"?>
<!-- Generated by org.testng.reporters.JUnitReportReporter -->
<testsuite skipped="0" hostname="DESKTOP-5VVJH30" name="com.class3.AssertionsTask" tests="3" failures="0" timestamp="2020-01-15T18:01:04 EST" time="32.673" errors="0">
  <testcase name="login" time="9.952" classname="com.class3.AssertionsTask"/>
  <testcase name="login" time="12.148" classname="com.class3.AssertionsTask"/>
  <testcase name="login" time="10.573" classname="com.class3.AssertionsTask"/>
</testsuite> <!-- com.class3.AssertionsTask -->
