<?xml version="1.0" encoding="UTF-8"?>
<!-- Generated by org.testng.reporters.JUnitReportReporter -->
<testsuite skipped="0" hostname="DESKTOP-5VVJH30" name="com.class2.task" tests="1" failures="0" timestamp="2020-01-12T18:34:53 EST" time="11.845" errors="0">
  <testcase name="verifyLabels" time="11.845" classname="com.class2.task"/>
</testsuite> <!-- com.class2.task -->
